FaceTracking/Temp/gradleOut/launcher/build/intermediates/manifest_merge_blame_file/release/manifest-merger-blame-release-report.txt
1<?xml version="1.0" encoding="utf-8"?>
2<!-- GENERATED BY UNITY. REMOVE THIS COMMENT TO PREVENT OVERWRITING WHEN EXPORTING AGAIN -->
3<manifest xmlns:android="http://schemas.android.com/apk/res/android"
4    package="com.gemmine.bowandarrow"
5    android:installLocation="preferExternal"
6    android:versionCode="1"
7    android:versionName="1.0" >
8
9    <uses-sdk
10        android:minSdkVersion="24"
10-->src\main\AndroidManifest.xml
11        android:targetSdkVersion="29" />
11-->src\main\AndroidManifest.xml
12
13    <supports-screens
13-->src\main\AndroidManifest.xml:4:3-163
14        android:anyDensity="true"
14-->src\main\AndroidManifest.xml:4:135-160
15        android:largeScreens="true"
15-->src\main\AndroidManifest.xml:4:78-105
16        android:normalScreens="true"
16-->src\main\AndroidManifest.xml:4:49-77
17        android:smallScreens="true"
17-->src\main\AndroidManifest.xml:4:21-48
18        android:xlargeScreens="true" />
18-->src\main\AndroidManifest.xml:4:106-134
19
20    <uses-feature android:glEsVersion="0x00020000" />
20-->[:unityLibrary] AndroidManifest.xml:13:5-54
20-->[:unityLibrary] AndroidManifest.xml:13:19-51
21
22    <uses-permission android:name="android.permission.INTERNET" />
22-->[:unityLibrary] AndroidManifest.xml:15:5-67
22-->[:unityLibrary] AndroidManifest.xml:15:22-64
23
24    <uses-feature
24-->[:unityLibrary] AndroidManifest.xml:17:5-19:36
25        android:name="android.hardware.touchscreen"
25-->[:unityLibrary] AndroidManifest.xml:18:9-52
26        android:required="false" />
26-->[:unityLibrary] AndroidManifest.xml:19:9-33
27    <uses-feature
27-->[:unityLibrary] AndroidManifest.xml:20:5-22:36
28        android:name="android.hardware.touchscreen.multitouch"
28-->[:unityLibrary] AndroidManifest.xml:21:9-63
29        android:required="false" />
29-->[:unityLibrary] AndroidManifest.xml:22:9-33
30    <uses-feature
30-->[:unityLibrary] AndroidManifest.xml:23:5-25:36
31        android:name="android.hardware.touchscreen.multitouch.distinct"
31-->[:unityLibrary] AndroidManifest.xml:24:9-72
32        android:required="false" />
32-->[:unityLibrary] AndroidManifest.xml:25:9-33
33
34    <uses-permission android:name="android.permission.CAMERA" />
34-->[:unityLibrary] AndroidManifest.xml:27:5-65
34-->[:unityLibrary] AndroidManifest.xml:27:22-62
35
36    <uses-feature
36-->[:unityLibrary] AndroidManifest.xml:29:5-31:35
37        android:name="android.hardware.camera.ar"
37-->[:unityLibrary] AndroidManifest.xml:30:9-50
38        android:required="true" />
38-->[:unityLibrary] AndroidManifest.xml:31:9-32
39
40    <queries>
40-->[:arcore_client:] AndroidManifest.xml:29:5-31:15
41        <package android:name="com.google.ar.core" />
41-->[:arcore_client:] AndroidManifest.xml:30:9-54
41-->[:arcore_client:] AndroidManifest.xml:30:18-51
42    </queries>
43
44    <application
44-->src\main\AndroidManifest.xml:5:3-154
45        android:banner="@drawable/app_banner"
45-->src\main\AndroidManifest.xml:5:114-151
46        android:extractNativeLibs="true"
46-->src\main\AndroidManifest.xml:5:16-48
47        android:icon="@mipmap/app_icon"
47-->src\main\AndroidManifest.xml:5:82-113
48        android:isGame="true"
48-->[:unityLibrary] AndroidManifest.xml:33:18-39
49        android:label="@string/app_name" >
49-->src\main\AndroidManifest.xml:5:49-81
50        <activity
50-->[:unityLibrary] AndroidManifest.xml:34:9-54:20
51            android:name="com.unity3d.player.UnityPlayerActivity"
51-->[:unityLibrary] AndroidManifest.xml:35:13-66
52            android:configChanges="mcc|mnc|locale|touchscreen|keyboard|keyboardHidden|navigation|orientation|screenLayout|uiMode|screenSize|smallestScreenSize|fontScale|layoutDirection|density"
52-->[:unityLibrary] AndroidManifest.xml:36:13-194
53            android:hardwareAccelerated="false"
53-->[:unityLibrary] AndroidManifest.xml:37:13-48
54            android:launchMode="singleTask"
54-->[:unityLibrary] AndroidManifest.xml:38:13-44
55            android:screenOrientation="fullSensor"
55-->[:unityLibrary] AndroidManifest.xml:39:13-51
56            android:theme="@style/UnityThemeSelector" >
56-->[:unityLibrary] AndroidManifest.xml:40:13-54
57            <intent-filter>
57-->[:unityLibrary] AndroidManifest.xml:41:13-46:29
58                <action android:name="android.intent.action.MAIN" />
58-->[:unityLibrary] AndroidManifest.xml:42:17-69
58-->[:unityLibrary] AndroidManifest.xml:42:25-66
59
60                <category android:name="android.intent.category.LAUNCHER" />
60-->[:unityLibrary] AndroidManifest.xml:44:17-77
60-->[:unityLibrary] AndroidManifest.xml:44:27-74
61                <category android:name="android.intent.category.LEANBACK_LAUNCHER" />
61-->[:unityLibrary] AndroidManifest.xml:45:17-86
61-->[:unityLibrary] AndroidManifest.xml:45:27-83
62            </intent-filter>
63
64            <meta-data
64-->[:unityLibrary] AndroidManifest.xml:48:13-50:40
65                android:name="unityplayer.UnityActivity"
65-->[:unityLibrary] AndroidManifest.xml:49:17-57
66                android:value="true" />
66-->[:unityLibrary] AndroidManifest.xml:50:17-37
67            <meta-data
67-->[:unityLibrary] AndroidManifest.xml:51:13-53:40
68                android:name="android.notch_support"
68-->[:unityLibrary] AndroidManifest.xml:52:17-53
69                android:value="true" />
69-->[:unityLibrary] AndroidManifest.xml:53:17-37
70        </activity>
71
72        <meta-data
72-->[:unityLibrary] AndroidManifest.xml:56:9-58:33
73            android:name="unity.splash-mode"
73-->[:unityLibrary] AndroidManifest.xml:57:13-45
74            android:value="0" />
74-->[:unityLibrary] AndroidManifest.xml:58:13-30
75        <meta-data
75-->[:unityLibrary] AndroidManifest.xml:59:9-61:36
76            android:name="unity.splash-enable"
76-->[:unityLibrary] AndroidManifest.xml:60:13-47
77            android:value="True" />
77-->[:unityLibrary] AndroidManifest.xml:61:13-33
78        <meta-data
78-->[:unityLibrary] AndroidManifest.xml:62:9-64:50
79            android:name="notch.config"
79-->[:unityLibrary] AndroidManifest.xml:63:13-40
80            android:value="portrait|landscape" />
80-->[:unityLibrary] AndroidManifest.xml:64:13-47
81        <meta-data
81-->[:unityLibrary] AndroidManifest.xml:65:9-67:68
82            android:name="unity.build-id"
82-->[:unityLibrary] AndroidManifest.xml:66:13-42
83            android:value="e8498c09-ad3d-499a-bba0-a1cecd00f941" />
83-->[:unityLibrary] AndroidManifest.xml:67:13-65
84        <meta-data
84-->[:unityLibrary] AndroidManifest.xml:68:9-70:36
85            android:name="unityplayer.SkipPermissionsDialog"
85-->[:unityLibrary] AndroidManifest.xml:69:13-61
86            android:value="true" />
86-->[:unityLibrary] AndroidManifest.xml:70:13-33
87        <meta-data
87-->[:unityLibrary] AndroidManifest.xml:71:9-73:40
88            android:name="com.google.ar.core"
88-->[:unityLibrary] AndroidManifest.xml:72:13-46
89            android:value="required" /> <!-- The minimal version code of ARCore APK required for an app using this SDK. -->
89-->[:unityLibrary] AndroidManifest.xml:73:13-37
90        <meta-data
90-->[:arcore_client:] AndroidManifest.xml:36:9-38:41
91            android:name="com.google.ar.core.min_apk_version"
91-->[:arcore_client:] AndroidManifest.xml:37:13-62
92            android:value="201750000" /> <!-- This activity is critical for installing ARCore when it is not already present. -->
92-->[:arcore_client:] AndroidManifest.xml:38:13-38
93        <activity
93-->[:arcore_client:] AndroidManifest.xml:40:9-46:80
94            android:name="com.google.ar.core.InstallActivity"
94-->[:arcore_client:] AndroidManifest.xml:41:13-62
95            android:configChanges="keyboardHidden|orientation|screenSize"
95-->[:arcore_client:] AndroidManifest.xml:42:13-74
96            android:excludeFromRecents="true"
96-->[:arcore_client:] AndroidManifest.xml:43:13-46
97            android:exported="false"
97-->[:arcore_client:] AndroidManifest.xml:44:13-37
98            android:launchMode="singleTop"
98-->[:arcore_client:] AndroidManifest.xml:45:13-43
99            android:theme="@android:style/Theme.Material.Light.Dialog.Alert" />
99-->[:arcore_client:] AndroidManifest.xml:46:13-77
100    </application>
101
102</manifest>